%!Adobe-FontList 1.22
%Locale:0x409

%BeginFont
Handler:DirectoryHandler
FontType:Invalid
OutlineFileName:/Users/lemien/Desktop/NVZ Brochure 2020 V1/NVZ-Folder/indesign-tutorial Folder/Document fonts/AdobeFnt22.lst
FileLength:4152
FileModTime:628729327
%EndFont

%BeginFont
Handler:DirectoryHandler
FontType:Type1
FontName:MinionPro-Regular
FamilyName:Minion Pro
StyleName:Regular
MenuName:Minion Pro
StyleBits:0
WeightClass:400
WidthClass:5
AngleClass:0
FullName:Minion Pro
WritingScript:Roman
OutlineFileName:/Users/lemien/Desktop/NVZ Brochure 2020 V1/NVZ-Folder/indesign-tutorial Folder/Document fonts/MinionPro-Regular.otf
DataFormat:sfntData
UsesStandardEncoding:yes
isCFF:yes
hasSVG:no
VariableFontType:NonVariableFont
FileLength:218640
FileModTime:628530677
DesignSize:110
NameArray:0,Mac,4,Minion Pro
NameArray:0,Win,1,Minion Pro
%EndFont

%BeginFont
Handler:DirectoryHandler
FontType:TrueType
FontName:Roboto-Bold
FamilyName:Roboto
StyleName:Bold
MenuName:Roboto
StyleBits:2
WeightClass:700
WidthClass:5
AngleClass:0
FullName:Roboto Bold
WritingScript:Roman
OutlineFileName:/Users/lemien/Desktop/NVZ Brochure 2020 V1/NVZ-Folder/indesign-tutorial Folder/Document fonts/Roboto-Bold.ttf
DataFormat:sfntData
hasSVG:no
VariableFontType:NonVariableFont
FileLength:170064
FileModTime:379407600
NameArray:0,Win,1,Roboto
%EndFont

%BeginFont
Handler:DirectoryHandler
FontType:TrueType
FontName:Roboto-Light
FamilyName:Roboto Light
StyleName:Regular
MenuName:Roboto Light
StyleBits:0
WeightClass:300
WidthClass:5
AngleClass:0
FullName:Roboto Light
WritingScript:Roman
OutlineFileName:/Users/lemien/Desktop/NVZ Brochure 2020 V1/NVZ-Folder/indesign-tutorial Folder/Document fonts/Roboto-Light.ttf
DataFormat:sfntData
hasSVG:no
VariableFontType:NonVariableFont
FileLength:169680
FileModTime:379407600
NameArray:0,Win,1,Roboto Light
%EndFont

%BeginFont
Handler:DirectoryHandler
FontType:TrueType
FontName:Roboto-Medium
FamilyName:Roboto Medium
StyleName:Regular
MenuName:Roboto Medium
StyleBits:0
WeightClass:500
WidthClass:5
AngleClass:0
FullName:Roboto Medium
WritingScript:Roman
OutlineFileName:/Users/lemien/Desktop/NVZ Brochure 2020 V1/NVZ-Folder/indesign-tutorial Folder/Document fonts/Roboto-Medium.ttf
DataFormat:sfntData
hasSVG:no
VariableFontType:NonVariableFont
FileLength:171320
FileModTime:379407600
NameArray:0,Win,1,Roboto Medium
%EndFont

%BeginFont
Handler:DirectoryHandler
FontType:TrueType
FontName:Roboto-Regular
FamilyName:Roboto
StyleName:Regular
MenuName:Roboto
StyleBits:0
WeightClass:400
WidthClass:5
AngleClass:0
FullName:Roboto
WritingScript:Roman
OutlineFileName:/Users/lemien/Desktop/NVZ Brochure 2020 V1/NVZ-Folder/indesign-tutorial Folder/Document fonts/Roboto-Regular.ttf
DataFormat:sfntData
hasSVG:no
VariableFontType:NonVariableFont
FileLength:170984
FileModTime:379407600
NameArray:0,Win,1,Roboto
%EndFont

%BeginFont
Handler:DirectoryHandler
FontType:TrueType
FontName:Didot
FamilyName:Didot
StyleName:Regular
MenuName:Didot
StyleBits:0
WeightClass:400
WidthClass:5
AngleClass:0
FullName:Didot
WritingScript:Roman
OutlineFileName:/Users/lemien/Desktop/NVZ Brochure 2020 V1/NVZ-Folder/indesign-tutorial Folder/Document fonts/Didot.ttc
TTCOffset:36
DataFormat:sfntData
hasSVG:no
VariableFontType:NonVariableFont
FileLength:722884
FileModTime:628729327
NameArray:0,Mac,4,Didot
NameArray:0,Win,1,Didot
%EndFont

%BeginFont
Handler:DirectoryHandler
FontType:TrueType
FontName:Didot-Bold
FamilyName:Didot
StyleName:Bold
MenuName:Didot
StyleBits:2
WeightClass:700
WidthClass:5
AngleClass:0
FullName:Didot Bold
WritingScript:Roman
OutlineFileName:/Users/lemien/Desktop/NVZ Brochure 2020 V1/NVZ-Folder/indesign-tutorial Folder/Document fonts/Didot.ttc
TTCOffset:652
DataFormat:sfntData
hasSVG:no
VariableFontType:NonVariableFont
FileLength:722884
FileModTime:628729327
NameArray:0,Mac,4,Didot Bold
NameArray:0,Win,1,Didot
%EndFont

%BeginFont
Handler:DirectoryHandler
FontType:TrueType
FontName:Didot-Italic
FamilyName:Didot
StyleName:Italic
MenuName:Didot
StyleBits:1
WeightClass:400
WidthClass:5
AngleClass:1
FullName:Didot Italic
WritingScript:Roman
OutlineFileName:/Users/lemien/Desktop/NVZ Brochure 2020 V1/NVZ-Folder/indesign-tutorial Folder/Document fonts/Didot.ttc
TTCOffset:352
DataFormat:sfntData
hasSVG:no
VariableFontType:NonVariableFont
FileLength:722884
FileModTime:628729327
NameArray:0,Mac,4,Didot Italic
NameArray:0,Win,1,Didot
%EndFont

